[2025-07-20 11:39:41] INFO: Scheduled job completed
[2025-07-20 11:44:12] INFO: Scheduled job completed
[2025-07-20 11:44:25] ERROR: Disk quota exceeded
[2025-07-20 11:46:05] WARNING: Configuration value not set
[2025-07-20 11:46:18] INFO: System started
[2025-07-20 11:49:12] INFO: New user registered
[2025-07-20 11:49:50] ERROR: Invalid authentication token provided
[2025-07-20 11:53:10] WARNING: Memory usage above threshold
[2025-07-20 11:55:49] INFO: User login successful
[2025-07-20 11:56:17] INFO: New user registered
[2025-07-20 11:56:25] INFO: System started
[2025-07-20 11:57:08] INFO: Configuration loaded
[2025-07-20 11:58:23] INFO: System started
[2025-07-20 11:58:27] WARNING: Configuration value not set
[2025-07-20 11:58:32] INFO: User login successful
[2025-07-20 12:02:18] ERROR: Database connection failed: timeout
[2025-07-20 12:04:08] ERROR: Uncaught exception: Null pointer reference
[2025-07-20 12:04:10] INFO: System started
[2025-07-20 12:04:57] INFO: New user registered
[2025-07-20 12:06:15] INFO: System started
[2025-07-20 12:08:18] ERROR: Invalid authentication token provided
[2025-07-20 12:10:09] WARNING: Disk usage above 85%
[2025-07-20 12:10:48] INFO: New user registered
[2025-07-20 12:14:42] INFO: Scheduled job completed
[2025-07-20 12:16:31] INFO: Configuration loaded
[2025-07-20 12:18:22] WARNING: Disk usage above 85%
[2025-07-20 12:18:26] INFO: Configuration loaded
[2025-07-20 12:19:13] WARNING: Deprecated function used
[2025-07-20 12:21:18] INFO: New user registered
[2025-07-20 12:21:37] INFO: User login successful
[2025-07-20 12:22:10] INFO: User login successful
[2025-07-20 12:25:04] INFO: User login successful
[2025-07-20 12:26:38] WARNING: Configuration value not set
[2025-07-20 12:27:08] WARNING: Configuration value not set
[2025-07-20 12:28:00] WARNING: Slow response from API
[2025-07-20 12:28:21] INFO: Configuration loaded
[2025-07-20 12:29:06] INFO: Configuration loaded
[2025-07-20 12:30:40] INFO: User login successful
[2025-07-20 12:32:05] WARNING: Disk usage above 85%
[2025-07-20 12:33:13] INFO: Configuration loaded
[2025-07-20 12:33:30] INFO: Configuration loaded
[2025-07-20 12:34:36] WARNING: Memory usage above threshold
[2025-07-20 12:35:23] WARNING: Slow response from API
[2025-07-20 12:39:59] WARNING: Disk usage above 85%
[2025-07-20 12:41:31] WARNING: Configuration value not set
[2025-07-20 12:43:01] INFO: User login successful
[2025-07-20 12:43:14] INFO: Configuration loaded
[2025-07-20 12:43:28] INFO: New user registered
[2025-07-20 12:46:04] ERROR: Disk quota exceeded
[2025-07-20 12:47:14] INFO: Configuration loaded
[2025-07-20 12:51:59] INFO: User login successful
[2025-07-20 12:55:42] WARNING: Memory usage above threshold
[2025-07-20 12:57:04] INFO: User login successful
[2025-07-20 12:57:16] WARNING: Deprecated function used
[2025-07-20 12:58:46] INFO: Scheduled job completed
[2025-07-20 12:58:53] WARNING: Deprecated function used
[2025-07-20 13:01:02] INFO: System started
[2025-07-20 13:01:18] ERROR: Failed to write to disk: Permission denied
[2025-07-20 13:02:03] INFO: Scheduled job completed
[2025-07-20 13:02:14] INFO: User login successful
[2025-07-20 13:06:40] INFO: Configuration loaded
[2025-07-20 13:06:47] WARNING: Memory usage above threshold
[2025-07-20 13:11:05] WARNING: Configuration value not set
[2025-07-20 13:11:23] WARNING: Slow response from API
[2025-07-20 13:12:36] INFO: Scheduled job completed
[2025-07-20 13:14:21] INFO: Scheduled job completed
[2025-07-20 13:17:25] ERROR: API rate limit exceeded
[2025-07-20 13:17:49] WARNING: Disk usage above 85%
[2025-07-20 13:19:04] WARNING: Disk usage above 85%
[2025-07-20 13:20:06] WARNING: Slow response from API
[2025-07-20 13:20:37] WARNING: Deprecated function used
[2025-07-20 13:23:53] INFO: Configuration loaded
[2025-07-20 13:34:01] WARNING: Disk usage above 85%
[2025-07-20 13:34:13] INFO: Configuration loaded
[2025-07-20 13:35:14] INFO: User login successful
[2025-07-20 13:36:46] WARNING: Slow response from API
[2025-07-20 13:38:39] INFO: Scheduled job completed
[2025-07-20 13:39:09] INFO: User login successful
[2025-07-20 13:43:33] INFO: System started
[2025-07-20 13:43:46] INFO: New user registered
[2025-07-20 13:44:45] WARNING: Disk usage above 85%
[2025-07-20 13:44:57] INFO: User login successful
[2025-07-20 13:45:05] INFO: Scheduled job completed
[2025-07-20 13:47:53] INFO: Scheduled job completed
[2025-07-20 13:48:55] INFO: System started
[2025-07-20 13:53:22] ERROR: Database connection failed: timeout
[2025-07-20 13:54:27] WARNING: Slow response from API
[2025-07-20 13:54:29] ERROR: User not found
[2025-07-20 13:55:06] INFO: Scheduled job completed
[2025-07-20 13:58:23] INFO: New user registered
[2025-07-20 13:58:48] ERROR: Timeout while waiting for response
[2025-07-20 13:58:53] INFO: System started
[2025-07-20 13:59:05] WARNING: Disk usage above 85%
[2025-07-20 14:02:08] ERROR: User not found
[2025-07-20 14:02:12] WARNING: Disk usage above 85%
[2025-07-20 14:02:34] WARNING: Disk usage above 85%
[2025-07-20 14:02:52] INFO: New user registered
[2025-07-20 14:08:09] WARNING: Memory usage above threshold
[2025-07-20 14:11:13] INFO: Scheduled job completed
[2025-07-20 14:16:55] INFO: Configuration loaded
[2025-07-20 14:18:21] ERROR: Disk quota exceeded
[2025-07-20 14:18:29] WARNING: Configuration value not set
[2025-07-20 14:20:13] INFO: New user registered
[2025-07-20 14:20:57] WARNING: Memory usage above threshold
[2025-07-20 14:21:01] WARNING: Configuration value not set
[2025-07-20 14:21:50] WARNING: Memory usage above threshold
[2025-07-20 14:23:30] INFO: System started
[2025-07-20 14:25:03] WARNING: Memory usage above threshold
[2025-07-20 14:26:15] WARNING: Deprecated function used
[2025-07-20 14:27:13] WARNING: Disk usage above 85%
[2025-07-20 14:29:05] WARNING: Configuration value not set
[2025-07-20 14:31:27] INFO: User login successful
[2025-07-20 14:32:21] INFO: System started
[2025-07-20 14:32:56] INFO: System started
[2025-07-20 14:33:21] ERROR: User not found
[2025-07-20 14:33:38] ERROR: Failed to write to disk: Permission denied
[2025-07-20 14:33:44] WARNING: Slow response from API
[2025-07-20 14:36:40] ERROR: Invalid authentication token provided
[2025-07-20 14:37:07] INFO: New user registered
[2025-07-20 14:38:00] ERROR: Timeout while waiting for response
[2025-07-20 14:39:19] INFO: New user registered
[2025-07-20 14:40:26] INFO: Configuration loaded
[2025-07-20 14:40:42] INFO: Scheduled job completed
[2025-07-20 14:41:41] WARNING: Slow response from API
[2025-07-20 14:43:25] WARNING: Disk usage above 85%
[2025-07-20 14:44:06] WARNING: Disk usage above 85%
[2025-07-20 14:50:16] INFO: System started
[2025-07-20 14:51:10] INFO: Configuration loaded
[2025-07-20 14:51:29] INFO: User login successful
[2025-07-20 14:53:48] INFO: Configuration loaded
[2025-07-20 14:53:53] ERROR: User not found
[2025-07-20 14:55:14] ERROR: Invalid authentication token provided
[2025-07-20 14:55:19] INFO: System started
[2025-07-20 14:56:04] WARNING: Memory usage above threshold
[2025-07-20 14:56:21] ERROR: API rate limit exceeded
[2025-07-20 14:58:40] INFO: New user registered
[2025-07-20 14:59:16] INFO: New user registered
[2025-07-20 15:01:37] WARNING: Disk usage above 85%
[2025-07-20 15:01:41] WARNING: Memory usage above threshold
[2025-07-20 15:03:24] INFO: User login successful
[2025-07-20 15:03:43] ERROR: Uncaught exception: Null pointer reference
[2025-07-20 15:04:00] WARNING: Memory usage above threshold
[2025-07-20 15:07:46] INFO: Configuration loaded
[2025-07-20 15:08:38] INFO: Scheduled job completed
[2025-07-20 15:11:12] WARNING: Disk usage above 85%
[2025-07-20 15:11:41] WARNING: Configuration value not set
[2025-07-20 15:12:35] INFO: Configuration loaded
[2025-07-20 15:14:35] INFO: User login successful
[2025-07-20 15:14:58] INFO: User login successful
[2025-07-20 15:16:50] INFO: User login successful
[2025-07-20 15:18:42] INFO: Configuration loaded
[2025-07-20 15:19:02] WARNING: Deprecated function used
[2025-07-20 15:19:54] ERROR: User not found
[2025-07-20 15:20:08] INFO: System started
[2025-07-20 15:21:23] INFO: User login successful
[2025-07-20 15:22:24] WARNING: Configuration value not set
[2025-07-20 15:23:13] ERROR: Uncaught exception: Null pointer reference
[2025-07-20 15:23:41] WARNING: Slow response from API
[2025-07-20 15:25:05] INFO: Configuration loaded
[2025-07-20 15:27:24] INFO: New user registered
[2025-07-20 15:28:56] ERROR: Database connection failed: timeout
[2025-07-20 15:31:58] INFO: System started
[2025-07-20 15:34:31] ERROR: Disk quota exceeded
[2025-07-20 15:34:51] ERROR: API rate limit exceeded
[2025-07-20 15:37:18] ERROR: Configuration file missing
[2025-07-20 15:40:53] INFO: New user registered
[2025-07-20 15:41:03] INFO: System started
[2025-07-20 15:43:08] INFO: System started
[2025-07-20 15:44:22] INFO: System started
[2025-07-20 15:44:30] WARNING: Memory usage above threshold
[2025-07-20 15:44:55] WARNING: Slow response from API
[2025-07-20 15:45:02] WARNING: Memory usage above threshold
[2025-07-20 15:48:50] INFO: User login successful
[2025-07-20 15:49:16] WARNING: Configuration value not set
[2025-07-20 15:50:34] WARNING: Disk usage above 85%
[2025-07-20 15:52:34] INFO: Scheduled job completed
[2025-07-20 15:52:41] WARNING: Deprecated function used
[2025-07-20 15:54:59] INFO: User login successful
[2025-07-20 15:55:23] ERROR: Failed to write to disk: Permission denied
[2025-07-20 15:55:42] ERROR: Invalid authentication token provided
[2025-07-20 16:01:33] ERROR: Service unavailable
[2025-07-20 16:03:34] INFO: Scheduled job completed
[2025-07-20 16:04:15] WARNING: Configuration value not set
[2025-07-20 16:06:22] WARNING: Disk usage above 85%
[2025-07-20 16:07:22] INFO: New user registered
[2025-07-20 16:07:48] INFO: User login successful
[2025-07-20 16:08:04] INFO: User login successful
[2025-07-20 16:09:31] ERROR: Configuration file missing
[2025-07-20 16:13:33] INFO: Configuration loaded
[2025-07-20 16:14:21] INFO: System started
[2025-07-20 16:14:30] INFO: Scheduled job completed
[2025-07-20 16:18:42] INFO: New user registered
[2025-07-20 16:20:02] ERROR: Timeout while waiting for response
[2025-07-20 16:20:05] INFO: New user registered
[2025-07-20 16:25:17] WARNING: Slow response from API
[2025-07-20 16:27:40] INFO: Configuration loaded
[2025-07-20 16:28:04] INFO: Scheduled job completed
[2025-07-20 16:28:27] INFO: Configuration loaded
[2025-07-20 16:29:15] WARNING: Deprecated function used
[2025-07-20 16:33:09] INFO: User login successful
[2025-07-20 16:33:46] INFO: User login successful
[2025-07-20 16:35:38] WARNING: Configuration value not set
[2025-07-20 16:38:12] INFO: New user registered
[2025-07-20 16:47:28] ERROR: Disk quota exceeded
[2025-07-20 16:47:47] INFO: Scheduled job completed
[2025-07-20 16:49:09] INFO: System started
[2025-07-20 16:53:41] WARNING: Disk usage above 85%
[2025-07-20 16:55:10] ERROR: Service unavailable
[2025-07-20 16:58:53] INFO: System started
[2025-07-20 17:01:29] INFO: User login successful
[2025-07-20 17:03:02] WARNING: Disk usage above 85%
[2025-07-20 17:03:15] WARNING: Disk usage above 85%
[2025-07-20 17:06:13] ERROR: Timeout while waiting for response
[2025-07-20 17:06:15] ERROR: Configuration file missing
[2025-07-20 17:06:17] INFO: User login successful
[2025-07-20 17:06:54] INFO: New user registered
[2025-07-20 17:10:48] WARNING: Disk usage above 85%
[2025-07-20 17:11:44] INFO: Configuration loaded
[2025-07-20 17:11:59] INFO: User login successful
[2025-07-20 17:16:34] WARNING: Disk usage above 85%
[2025-07-20 17:18:55] WARNING: Configuration value not set
[2025-07-20 17:21:44] WARNING: Memory usage above threshold
[2025-07-20 17:23:22] INFO: Configuration loaded
[2025-07-20 17:24:15] INFO: User login successful
[2025-07-20 17:24:27] ERROR: User not found
[2025-07-20 17:24:27] INFO: Configuration loaded
[2025-07-20 17:25:40] INFO: User login successful
[2025-07-20 17:26:17] INFO: User login successful
[2025-07-20 17:26:32] INFO: New user registered
[2025-07-20 17:27:09] WARNING: Slow response from API
[2025-07-20 17:27:23] INFO: Configuration loaded
[2025-07-20 17:29:10] INFO: New user registered
[2025-07-20 17:29:17] INFO: Configuration loaded
[2025-07-20 17:29:40] INFO: Configuration loaded
[2025-07-20 17:31:39] WARNING: Configuration value not set
[2025-07-20 17:32:49] ERROR: User not found
[2025-07-20 17:34:23] INFO: System started
[2025-07-20 17:37:10] INFO: New user registered
[2025-07-20 17:37:18] WARNING: Slow response from API
[2025-07-20 17:38:43] INFO: New user registered
[2025-07-20 17:40:47] WARNING: Configuration value not set
[2025-07-20 17:40:49] INFO: System started
[2025-07-20 17:42:11] ERROR: API rate limit exceeded
[2025-07-20 17:43:35] INFO: User login successful
[2025-07-20 17:44:56] INFO: User login successful
[2025-07-20 17:45:00] ERROR: Uncaught exception: Null pointer reference
[2025-07-20 17:45:26] INFO: Configuration loaded
[2025-07-20 17:47:10] INFO: System started
[2025-07-20 17:49:22] INFO: System started
[2025-07-20 17:51:33] ERROR: Configuration file missing
[2025-07-20 17:52:12] WARNING: Slow response from API
[2025-07-20 17:52:25] INFO: New user registered
[2025-07-20 17:53:55] INFO: Configuration loaded
[2025-07-20 17:57:29] WARNING: Slow response from API
[2025-07-20 17:58:32] INFO: Scheduled job completed
[2025-07-20 18:00:11] INFO: Scheduled job completed
[2025-07-20 18:01:20] WARNING: Deprecated function used
[2025-07-20 18:01:51] ERROR: Timeout while waiting for response
[2025-07-20 18:02:35] WARNING: Slow response from API
[2025-07-20 18:03:00] WARNING: Memory usage above threshold
[2025-07-20 18:03:32] ERROR: User not found
[2025-07-20 18:05:25] WARNING: Configuration value not set
[2025-07-20 18:08:04] INFO: System started
[2025-07-20 18:08:34] ERROR: Service unavailable
[2025-07-20 18:09:32] WARNING: Configuration value not set
[2025-07-20 18:11:06] INFO: Scheduled job completed
[2025-07-20 18:13:38] INFO: New user registered
[2025-07-20 18:17:26] INFO: System started
[2025-07-20 18:17:57] ERROR: Configuration file missing
[2025-07-20 18:19:44] ERROR: Service unavailable
[2025-07-20 18:20:59] INFO: System started
[2025-07-20 18:21:17] ERROR: Service unavailable
[2025-07-20 18:22:09] INFO: New user registered
[2025-07-20 18:22:29] INFO: New user registered
[2025-07-20 18:23:27] ERROR: Timeout while waiting for response
[2025-07-20 18:25:35] ERROR: User not found
[2025-07-20 18:27:08] INFO: New user registered
[2025-07-20 18:29:30] INFO: System started
[2025-07-20 18:29:33] WARNING: Disk usage above 85%
[2025-07-20 18:32:00] INFO: Scheduled job completed
[2025-07-20 18:32:45] INFO: User login successful
[2025-07-20 18:33:15] INFO: User login successful
[2025-07-20 18:35:08] ERROR: Failed to write to disk: Permission denied
[2025-07-20 18:36:42] WARNING: Deprecated function used
[2025-07-20 18:37:10] INFO: System started
[2025-07-20 18:38:06] WARNING: Memory usage above threshold
[2025-07-20 18:39:05] INFO: Configuration loaded
[2025-07-20 18:39:22] WARNING: Disk usage above 85%
[2025-07-20 18:39:31] INFO: Configuration loaded
[2025-07-20 18:39:34] WARNING: Disk usage above 85%
[2025-07-20 18:39:50] INFO: Scheduled job completed
[2025-07-20 18:40:17] INFO: System started
[2025-07-20 18:40:23] ERROR: Uncaught exception: Null pointer reference
[2025-07-20 18:40:31] INFO: New user registered
[2025-07-20 18:45:14] INFO: User login successful
[2025-07-20 18:46:26] ERROR: Failed to write to disk: Permission denied
[2025-07-20 18:47:30] INFO: User login successful
[2025-07-20 18:50:41] INFO: System started
[2025-07-20 18:51:45] WARNING: Disk usage above 85%
[2025-07-20 18:52:31] WARNING: Deprecated function used
[2025-07-20 18:54:02] WARNING: Slow response from API
[2025-07-20 18:54:40] WARNING: Deprecated function used
[2025-07-20 18:56:08] INFO: Configuration loaded
[2025-07-20 18:56:19] INFO: User login successful
[2025-07-20 18:57:05] INFO: User login successful
[2025-07-20 18:58:19] INFO: System started
[2025-07-20 18:58:37] INFO: Configuration loaded
[2025-07-20 19:01:20] WARNING: Configuration value not set
[2025-07-20 19:01:43] INFO: System started
[2025-07-20 19:06:27] INFO: User login successful
[2025-07-20 19:07:08] INFO: User login successful
[2025-07-20 19:08:05] WARNING: Configuration value not set
[2025-07-20 19:08:27] INFO: System started
[2025-07-20 19:09:25] WARNING: Slow response from API
[2025-07-20 19:09:39] INFO: Configuration loaded
[2025-07-20 19:13:30] INFO: Scheduled job completed
[2025-07-20 19:13:43] INFO: Scheduled job completed
[2025-07-20 19:13:53] INFO: Scheduled job completed
[2025-07-20 19:15:00] WARNING: Deprecated function used
[2025-07-20 19:15:39] WARNING: Slow response from API
[2025-07-20 19:17:55] WARNING: Memory usage above threshold
[2025-07-20 19:18:47] INFO: System started
[2025-07-20 19:20:09] INFO: Configuration loaded
[2025-07-20 19:21:56] INFO: System started
[2025-07-20 19:22:42] WARNING: Deprecated function used
[2025-07-20 19:23:27] INFO: New user registered
[2025-07-20 19:23:45] INFO: Configuration loaded
[2025-07-20 19:25:12] WARNING: Memory usage above threshold
[2025-07-20 19:25:52] INFO: New user registered
[2025-07-20 19:26:26] WARNING: Memory usage above threshold
[2025-07-20 19:28:22] INFO: System started
[2025-07-20 19:29:33] INFO: System started
[2025-07-20 19:30:54] ERROR: Timeout while waiting for response
[2025-07-20 19:31:39] INFO: Configuration loaded
[2025-07-20 19:31:39] INFO: Scheduled job completed
[2025-07-20 19:34:03] ERROR: User not found
[2025-07-20 19:35:40] ERROR: Timeout while waiting for response
[2025-07-20 19:37:08] INFO: Scheduled job completed
[2025-07-20 19:39:54] INFO: User login successful
[2025-07-20 19:39:58] INFO: System started
[2025-07-20 19:41:37] INFO: Scheduled job completed
[2025-07-20 19:44:31] INFO: Scheduled job completed
[2025-07-20 19:45:05] ERROR: Invalid authentication token provided
[2025-07-20 19:47:38] WARNING: Memory usage above threshold
[2025-07-20 19:48:34] WARNING: Configuration value not set
[2025-07-20 19:52:28] INFO: System started
[2025-07-20 19:53:07] INFO: Configuration loaded
[2025-07-20 19:55:16] INFO: System started
[2025-07-20 19:55:33] WARNING: Memory usage above threshold
[2025-07-20 19:56:50] WARNING: Slow response from API
[2025-07-20 19:57:42] INFO: System started
[2025-07-20 19:58:03] INFO: System started
[2025-07-20 20:01:44] WARNING: Disk usage above 85%
[2025-07-20 20:02:52] INFO: Scheduled job completed
[2025-07-20 20:04:34] INFO: System started
[2025-07-20 20:05:10] INFO: Configuration loaded
[2025-07-20 20:05:55] ERROR: Database connection failed: timeout
[2025-07-20 20:07:45] ERROR: Invalid authentication token provided
[2025-07-20 20:08:41] INFO: Configuration loaded
[2025-07-20 20:11:59] ERROR: Invalid authentication token provided
[2025-07-20 20:14:36] INFO: User login successful
[2025-07-20 20:15:43] INFO: Configuration loaded
[2025-07-20 20:16:45] WARNING: Configuration value not set
[2025-07-20 20:17:31] WARNING: Memory usage above threshold
[2025-07-20 20:18:51] INFO: New user registered
[2025-07-20 20:19:05] INFO: Scheduled job completed
[2025-07-20 20:19:17] ERROR: Uncaught exception: Null pointer reference
[2025-07-20 20:19:33] ERROR: Invalid authentication token provided
[2025-07-20 20:26:19] WARNING: Disk usage above 85%
[2025-07-20 20:27:39] INFO: Configuration loaded
[2025-07-20 20:28:21] WARNING: Memory usage above threshold
[2025-07-20 20:31:21] INFO: System started
[2025-07-20 20:32:36] INFO: Configuration loaded
[2025-07-20 20:33:07] ERROR: Configuration file missing
[2025-07-20 20:35:18] ERROR: Service unavailable
[2025-07-20 20:36:44] ERROR: Configuration file missing
[2025-07-20 20:37:21] INFO: User login successful
[2025-07-20 20:39:28] WARNING: Configuration value not set
[2025-07-20 20:42:00] ERROR: Service unavailable
[2025-07-20 20:43:20] ERROR: Disk quota exceeded
[2025-07-20 20:48:22] INFO: Scheduled job completed
[2025-07-20 20:48:25] INFO: System started
[2025-07-20 20:49:55] INFO: Configuration loaded
[2025-07-20 20:50:17] ERROR: Timeout while waiting for response
[2025-07-20 20:51:03] INFO: User login successful
[2025-07-20 20:57:36] ERROR: Configuration file missing
[2025-07-20 20:58:40] INFO: User login successful
[2025-07-20 21:04:54] WARNING: Configuration value not set
[2025-07-20 21:07:17] WARNING: Configuration value not set
[2025-07-20 21:09:05] WARNING: Configuration value not set
[2025-07-20 21:09:36] ERROR: User not found
[2025-07-20 21:09:40] ERROR: Failed to write to disk: Permission denied
[2025-07-20 21:10:58] INFO: New user registered
[2025-07-20 21:10:58] WARNING: Configuration value not set
[2025-07-20 21:12:13] WARNING: Slow response from API
[2025-07-20 21:13:10] WARNING: Slow response from API
[2025-07-20 21:15:32] INFO: Scheduled job completed
[2025-07-20 21:16:01] INFO: Scheduled job completed
[2025-07-20 21:16:52] WARNING: Configuration value not set
[2025-07-20 21:17:03] WARNING: Disk usage above 85%
[2025-07-20 21:17:48] INFO: Scheduled job completed
[2025-07-20 21:18:38] INFO: User login successful
[2025-07-20 21:19:02] WARNING: Disk usage above 85%
[2025-07-20 21:20:57] WARNING: Disk usage above 85%
[2025-07-20 21:21:17] INFO: Configuration loaded
[2025-07-20 21:21:25] INFO: New user registered
[2025-07-20 21:21:37] WARNING: Disk usage above 85%
[2025-07-20 21:22:49] INFO: Configuration loaded
[2025-07-20 21:23:00] INFO: Scheduled job completed
[2025-07-20 21:24:40] INFO: System started
[2025-07-20 21:26:49] WARNING: Memory usage above threshold
[2025-07-20 21:27:13] INFO: Configuration loaded
[2025-07-20 21:27:19] INFO: System started
[2025-07-20 21:27:33] INFO: New user registered
[2025-07-20 21:34:09] INFO: System started
[2025-07-20 21:34:27] ERROR: User not found
[2025-07-20 21:36:29] INFO: New user registered
[2025-07-20 21:37:52] ERROR: API rate limit exceeded
[2025-07-20 21:37:57] ERROR: API rate limit exceeded
[2025-07-20 21:38:27] WARNING: Slow response from API
[2025-07-20 21:40:59] WARNING: Deprecated function used
[2025-07-20 21:41:11] INFO: User login successful
[2025-07-20 21:41:18] WARNING: Disk usage above 85%
[2025-07-20 21:41:48] INFO: New user registered
[2025-07-20 21:42:33] WARNING: Deprecated function used
[2025-07-20 21:42:48] ERROR: Timeout while waiting for response
[2025-07-20 21:43:58] INFO: Configuration loaded
[2025-07-20 21:44:58] WARNING: Configuration value not set
[2025-07-20 21:47:29] ERROR: Configuration file missing
[2025-07-20 21:47:29] INFO: Scheduled job completed
[2025-07-20 21:47:43] WARNING: Deprecated function used
[2025-07-20 21:48:02] ERROR: Timeout while waiting for response
[2025-07-20 21:48:29] ERROR: API rate limit exceeded
[2025-07-20 21:49:47] ERROR: Disk quota exceeded
[2025-07-20 21:49:51] INFO: Scheduled job completed
[2025-07-20 21:51:13] INFO: Configuration loaded
[2025-07-20 21:51:20] WARNING: Slow response from API
[2025-07-20 21:54:04] INFO: User login successful
[2025-07-20 21:54:32] INFO: Configuration loaded
[2025-07-20 21:54:56] INFO: Configuration loaded
[2025-07-20 21:55:54] WARNING: Configuration value not set
[2025-07-20 21:57:28] INFO: New user registered
[2025-07-20 21:59:40] INFO: User login successful
[2025-07-20 22:03:04] WARNING: Configuration value not set
[2025-07-20 22:03:38] WARNING: Disk usage above 85%
[2025-07-20 22:07:40] WARNING: Disk usage above 85%
[2025-07-20 22:09:09] WARNING: Deprecated function used
[2025-07-20 22:10:21] WARNING: Deprecated function used
[2025-07-20 22:11:35] INFO: Configuration loaded
[2025-07-20 22:12:09] ERROR: User not found
[2025-07-20 22:13:23] WARNING: Memory usage above threshold
[2025-07-20 22:14:53] INFO: Scheduled job completed
[2025-07-20 22:18:06] WARNING: Memory usage above threshold
[2025-07-20 22:19:09] INFO: New user registered
[2025-07-20 22:19:46] INFO: New user registered
[2025-07-20 22:22:18] WARNING: Configuration value not set
[2025-07-20 22:22:41] WARNING: Slow response from API
[2025-07-20 22:23:30] WARNING: Memory usage above threshold
[2025-07-20 22:24:07] INFO: User login successful
[2025-07-20 22:26:01] INFO: Configuration loaded
[2025-07-20 22:26:03] INFO: New user registered
[2025-07-20 22:26:24] WARNING: Memory usage above threshold
[2025-07-20 22:29:06] WARNING: Deprecated function used
[2025-07-20 22:31:14] ERROR: Service unavailable
[2025-07-20 22:39:03] WARNING: Configuration value not set
[2025-07-20 22:39:14] INFO: User login successful
[2025-07-20 22:40:31] INFO: New user registered
[2025-07-20 22:40:36] WARNING: Configuration value not set
[2025-07-20 22:40:47] INFO: User login successful
[2025-07-20 22:43:59] ERROR: Configuration file missing
[2025-07-20 22:44:02] INFO: Scheduled job completed
[2025-07-20 22:44:22] ERROR: Disk quota exceeded
[2025-07-20 22:44:34] INFO: Scheduled job completed
[2025-07-20 22:46:56] WARNING: Slow response from API
[2025-07-20 22:49:22] WARNING: Disk usage above 85%
[2025-07-20 22:52:11] WARNING: Memory usage above threshold
[2025-07-20 22:53:02] INFO: Configuration loaded
[2025-07-20 22:53:24] ERROR: Invalid authentication token provided
[2025-07-20 22:57:16] WARNING: Configuration value not set
[2025-07-20 22:57:36] INFO: New user registered
[2025-07-20 22:57:41] INFO: Scheduled job completed
[2025-07-20 23:03:37] INFO: New user registered
[2025-07-20 23:06:02] INFO: Configuration loaded
[2025-07-20 23:07:29] WARNING: Deprecated function used
[2025-07-20 23:10:30] INFO: System started
[2025-07-20 23:11:46] INFO: User login successful
[2025-07-20 23:12:46] INFO: System started
[2025-07-20 23:14:30] ERROR: Disk quota exceeded
[2025-07-20 23:15:09] ERROR: Invalid authentication token provided
[2025-07-20 23:15:52] WARNING: Deprecated function used
[2025-07-20 23:15:59] INFO: User login successful
[2025-07-20 23:17:32] WARNING: Memory usage above threshold
[2025-07-20 23:17:36] WARNING: Configuration value not set
[2025-07-20 23:18:03] ERROR: Disk quota exceeded
[2025-07-20 23:18:41] INFO: System started
[2025-07-20 23:18:42] INFO: System started
[2025-07-20 23:19:35] ERROR: User not found
[2025-07-20 23:25:07] INFO: Configuration loaded
[2025-07-20 23:25:07] WARNING: Deprecated function used
[2025-07-20 23:25:59] INFO: New user registered