[2025-07-10 02:14:32] ERROR: Database connection failed: timeout
[2025-07-10 02:15:23] INFO: System startup initiated
[2025-07-10 02:17:12] WARNING: Configuration using default values
[2025-07-10 03:22:54] ERROR: Database connection failed: timeout
[2025-07-10 04:01:34] INFO: User login successful: user123
[2025-07-10 06:12:45] ERROR: Invalid authentication token provided
[2025-07-10 08:34:21] WARNING: High memory usage detected: 85%
[2025-07-10 09:12:43] ERROR: Database connection failed: timeout
[2025-07-10 10:34:21] ERROR: API rate limit exceeded
[2025-07-10 11:02:54] WARNING: Slow query detected (2.5s)
[2025-07-10 12:34:21] ERROR: Failed to write to disk: Permission denied
[2025-07-10 13:12:45] INFO: Data export completed successfully
[2025-07-10 16:45:12] ERROR: Invalid authentication token provided
[2025-07-10 18:34:21] WARNING: Network latency increased to 250ms
[2025-07-10 20:45:23] INFO: Background job completed in 45s
[2025-07-10 22:34:21] ERROR: Uncaught exception: Null pointer reference
[2025-07-11 00:45:23] ERROR: Database connection failed: timeout
[2025-07-11 02:34:21] WARNING: Failed login attempt for user: admin
[2025-07-11 03:45:23] ERROR: Invalid authentication token provided
[2025-07-11 05:23:45] ERROR: Failed to write to disk: Permission denied
[2025-07-11 07:45:23] WARNING: Low disk space on /tmp: 15% remaining
[2025-07-11 08:23:45] ERROR: Database connection failed: timeout
[2025-07-11 11:23:45] ERROR: API rate limit exceeded
[2025-07-11 13:45:23] ERROR: Failed to write to disk: Permission denied
[2025-07-11 15:34:21] WARNING: Memory usage peak detected: 92%
[2025-07-11 16:45:23] ERROR: Database connection failed: timeout
[2025-07-11 18:34:21] ERROR: Invalid authentication token provided
[2025-07-11 20:23:45] WARNING: Unusual traffic pattern detected
[2025-07-11 21:34:21] ERROR: Database connection failed: timeout
[2025-07-12 00:34:21] ERROR: API rate limit exceeded
[2025-07-12 02:23:45] ERROR: Uncaught exception: Null pointer reference
[2025-07-12 05:23:45] ERROR: Database connection failed: timeout
[2025-07-12 07:45:23] ERROR: Failed to write to disk: Permission denied
[2025-07-12 09:34:21] WARNING: CPU usage spike: 92%
[2025-07-12 10:45:23] ERROR: Database connection failed: timeout
[2025-07-12 12:34:21] ERROR: Invalid authentication token provided
[2025-07-12 14:03:27] ERROR: Failed to write to disk: Permission denied

